Name                                     Stmts   Miss Branch BrPart  Cover   Missing
------------------------------------------------------------------------------------
vcu_simulator/constants.py                  21      0      0      0   100%
vcu_simulator/main.py                       59     59      8      0     0%   1-196
vcu_simulator/models.py                     66     66      4      0     0%   1-117
vcu_simulator/modules/__init__.py            0      0      0      0   100%
vcu_simulator/modules/can_manager.py        23      5      6      1    72%   16, 22-25
vcu_simulator/modules/dtc_manager.py        19      0      4      0   100%
vcu_simulator/modules/power_monitor.py      28      5      8      2    69%   16, 22-25
vcu_simulator/modules/signal_guard.py       15      0      6      0   100%
vcu_simulator/simulator.py                 226     37    108      7    81%   40, 77, 85-91, 113, 116-117, 120-121, 202, 273, 304, 333, 358, 372-385, 391-395
------------------------------------------------------------------------------------
TOTAL                                      457    172    144     10    63%
