{"meta": {"format": 3, "version": "7.14.0", "timestamp": "2026-05-27T14:03:44.704054", "branch_coverage": true, "show_contexts": false}, "files": {"vcu_simulator/simulator.py": {"executed_lines": [1, 3, 4, 5, 7, 18, 19, 20, 21, 24, 27, 28, 29, 30, 31, 32, 33, 34, 36, 37, 39, 42, 43, 44, 45, 46, 48, 49, 50, 51, 53, 54, 55, 57, 66, 67, 69, 84, 93, 94, 95, 96, 97, 98, 101, 112, 115, 119, 130, 131, 132, 137, 138, 139, 140, 144, 153, 154, 164, 165, 166, 167, 168, 169, 178, 179, 180, 189, 190, 191, 192, 193, 195, 196, 197, 198, 199, 200, 201, 204, 205, 214, 215, 216, 217, 218, 219, 220, 221, 230, 231, 233, 234, 235, 236, 237, 238, 239, 240, 242, 243, 244, 246, 247, 248, 250, 251, 252, 254, 255, 256, 257, 259, 260, 261, 262, 263, 264, 266, 267, 268, 269, 270, 271, 275, 276, 277, 278, 279, 280, 281, 282, 284, 293, 294, 295, 297, 298, 299, 300, 301, 302, 305, 326, 327, 328, 329, 331, 332, 335, 336, 337, 338, 339, 340, 341, 342, 344, 345, 347, 348, 349, 350, 352, 353, 354, 355, 356, 357, 359, 361, 362, 367, 368, 369, 370, 371, 387, 388, 390], "summary": {"covered_lines": 180, "num_statements": 226, "percent_covered": 76.64670658682634, "percent_covered_display": "77", "missing_lines": 46, "excluded_lines": 0, "percent_statements_covered": 79.64601769911505, "percent_statements_covered_display": "80", "num_branches": 108, "num_partial_branches": 12, "covered_branches": 76, "missing_branches": 32, "percent_branches_covered": 70.37037037037037, "percent_branches_covered_display": "70"}, "missing_lines": [40, 77, 85, 86, 87, 88, 89, 90, 91, 99, 102, 113, 116, 117, 120, 121, 133, 134, 135, 136, 142, 155, 202, 273, 304, 330, 333, 358, 372, 373, 374, 375, 376, 377, 378, 379, 380, 381, 382, 383, 384, 385, 391, 392, 393, 395], "excluded_lines": [], "executed_branches": [[39, 42], [43, 44], [43, 48], [48, 49], [48, 53], [54, 55], [54, 57], [98, -93], [132, 137], [137, 138], [154, 164], [164, 165], [164, 178], [195, 196], [195, 214], [198, 199], [198, 200], [201, 204], [215, 216], [215, 217], [217, 218], [217, 219], [219, 220], [219, 221], [233, 234], [233, 242], [236, 237], [236, 238], [238, 239], [238, 240], [242, 243], [242, 246], [246, 247], [246, 250], [250, 251], [250, 254], [254, 255], [254, 259], [259, 260], [259, 266], [262, 263], [262, 264], [266, 267], [269, 270], [269, 271], [276, 277], [276, 278], [278, 279], [278, 280], [280, 281], [280, 282], [294, 295], [294, 297], [297, 298], [297, 299], [299, 300], [299, 301], [301, 302], [327, 328], [327, 329], [329, 331], [331, 332], [336, 337], [336, 338], [338, 339], [338, 340], [340, 341], [340, 342], [348, 349], [348, 350], [353, 354], [353, 355], [355, 356], [355, 357], [357, 359], [370, 371]], "missing_branches": [[39, 40], [86, 87], [86, 91], [98, 99], [132, 133], [137, 142], [154, 155], [201, 202], [266, 273], [301, 304], [329, 330], [331, 333], [357, 358], [370, 372], [372, 373], [372, 374], [374, 375], [374, 376], [376, 377], [376, 378], [378, 379], [378, 380], [380, 381], [380, 382], [382, 383], [382, 384], [384, -367], [384, 385], [391, -390], [391, 392], [392, 393], [392, 395]], "functions": {"VCUSimulator.__init__": {"executed_lines": [28, 29, 30, 31, 32, 33, 34], "summary": {"covered_lines": 7, "num_statements": 7, "percent_covered": 100.0, "percent_covered_display": "100", "missing_lines": 0, "excluded_lines": 0, "percent_statements_covered": 100.0, "percent_statements_covered_display": "100", "num_branches": 0, "num_partial_branches": 0, "covered_branches": 0, "missing_branches": 0, "percent_branches_covered": 100.0, "percent_branches_covered_display": "100"}, "missing_lines": [], "excluded_lines": [], "start_line": 27, "executed_branches": [], "missing_branches": []}, "VCUSimulator.simulate": {"executed_lines": [37, 39, 42, 43, 44, 45, 46, 48, 49, 50, 51, 53, 54, 55, 57, 66, 67], "summary": {"covered_lines": 17, "num_statements": 18, "percent_covered": 92.3076923076923, "percent_covered_display": "92", "missing_lines": 1, "excluded_lines": 0, "percent_statements_covered": 94.44444444444444, "percent_statements_covered_display": "94", "num_branches": 8, "num_partial_branches": 1, "covered_branches": 7, "missing_branches": 1, "percent_branches_covered": 87.5, "percent_branches_covered_display": "88"}, "missing_lines": [40], "excluded_lines": [], "start_line": 36, "executed_branches": [[39, 42], [43, 44], [43, 48], [48, 49], [48, 53], [54, 55], [54, 57]], "missing_branches": [[39, 40]]}, "VCUSimulator.simulate_sleep": {"executed_lines": [], "summary": {"covered_lines": 0, "num_statements": 1, "percent_covered": 0.0, "percent_covered_display": "0", "missing_lines": 1, "excluded_lines": 0, "percent_statements_covered": 0.0, "percent_statements_covered_display": "0", "num_branches": 0, "num_partial_branches": 0, "covered_branches": 0, "missing_branches": 0, "percent_branches_covered": 100.0, "percent_branches_covered_display": "100"}, "missing_lines": [77], "excluded_lines": [], "start_line": 69, "executed_branches": [], "missing_branches": []}, "VCUSimulator.simulate_batch": {"executed_lines": [], "summary": {"covered_lines": 0, "num_statements": 7, "percent_covered": 0.0, "percent_covered_display": "0", "missing_lines": 7, "excluded_lines": 0, "percent_statements_covered": 0.0, "percent_statements_covered_display": "0", "num_branches": 2, "num_partial_branches": 0, "covered_branches": 0, "missing_branches": 2, "percent_branches_covered": 0.0, "percent_branches_covered_display": "0"}, "missing_lines": [85, 86, 87, 88, 89, 90, 91], "excluded_lines": [], "start_line": 84, "executed_branches": [], "missing_branches": [[86, 87], [86, 91]]}, "VCUSimulator.reset": {"executed_lines": [94, 95, 96, 97, 98], "summary": {"covered_lines": 5, "num_statements": 6, "percent_covered": 75.0, "percent_covered_display": "75", "missing_lines": 1, "excluded_lines": 0, "percent_statements_covered": 83.33333333333333, "percent_statements_covered_display": "83", "num_branches": 2, "num_partial_branches": 1, "covered_branches": 1, "missing_branches": 1, "percent_branches_covered": 50.0, "percent_branches_covered_display": "50"}, "missing_lines": [99], "excluded_lines": [], "start_line": 93, "executed_branches": [[98, -93]], "missing_branches": [[98, 99]]}, "VCUSimulator.get_state": {"executed_lines": [], "summary": {"covered_lines": 0, "num_statements": 1, "percent_covered": 0.0, "percent_covered_display": "0", "missing_lines": 1, "excluded_lines": 0, "percent_statements_covered": 0.0, "percent_statements_covered_display": "0", "num_branches": 0, "num_partial_branches": 0, "covered_branches": 0, "missing_branches": 0, "percent_branches_covered": 100.0, "percent_branches_covered_display": "100"}, "missing_lines": [102], "excluded_lines": [], "start_line": 101, "executed_branches": [], "missing_branches": []}, "VCUSimulator.get_config": {"executed_lines": [], "summary": {"covered_lines": 0, "num_statements": 1, "percent_covered": 0.0, "percent_covered_display": "0", "missing_lines": 1, "excluded_lines": 0, "percent_statements_covered": 0.0, "percent_statements_covered_display": "0", "num_branches": 0, "num_partial_branches": 0, "covered_branches": 0, "missing_branches": 0, "percent_branches_covered": 100.0, "percent_branches_covered_display": "100"}, "missing_lines": [113], "excluded_lines": [], "start_line": 112, "executed_branches": [], "missing_branches": []}, "VCUSimulator.update_config": {"executed_lines": [], "summary": {"covered_lines": 0, "num_statements": 2, "percent_covered": 0.0, "percent_covered_display": "0", "missing_lines": 2, "excluded_lines": 0, "percent_statements_covered": 0.0, "percent_statements_covered_display": "0", "num_branches": 0, "num_partial_branches": 0, "covered_branches": 0, "missing_branches": 0, "percent_branches_covered": 100.0, "percent_branches_covered_display": "100"}, "missing_lines": [116, 117], "excluded_lines": [], "start_line": 115, "executed_branches": [], "missing_branches": []}, "VCUSimulator.get_performance": {"executed_lines": [], "summary": {"covered_lines": 0, "num_statements": 2, "percent_covered": 0.0, "percent_covered_display": "0", "missing_lines": 2, "excluded_lines": 0, "percent_statements_covered": 0.0, "percent_statements_covered_display": "0", "num_branches": 0, "num_partial_branches": 0, "covered_branches": 0, "missing_branches": 0, "percent_branches_covered": 100.0, "percent_branches_covered_display": "100"}, "missing_lines": [120, 121], "excluded_lines": [], "start_line": 119, "executed_branches": [], "missing_branches": []}, "VCUSimulator._handle_guard_rejection": {"executed_lines": [131, 132, 137, 138, 139, 140, 144], "summary": {"covered_lines": 7, "num_statements": 12, "percent_covered": 56.25, "percent_covered_display": "56", "missing_lines": 5, "excluded_lines": 0, "percent_statements_covered": 58.333333333333336, "percent_statements_covered_display": "58", "num_branches": 4, "num_partial_branches": 2, "covered_branches": 2, "missing_branches": 2, "percent_branches_covered": 50.0, "percent_branches_covered_display": "50"}, "missing_lines": [133, 134, 135, 136, 142], "excluded_lines": [], "start_line": 130, "executed_branches": [[132, 137], [137, 138]], "missing_branches": [[132, 133], [137, 142]]}, "VCUSimulator._handle_wake": {"executed_lines": [154, 164, 165, 166, 167, 168, 169, 178, 179, 180], "summary": {"covered_lines": 10, "num_statements": 11, "percent_covered": 86.66666666666667, "percent_covered_display": "87", "missing_lines": 1, "excluded_lines": 0, "percent_statements_covered": 90.9090909090909, "percent_statements_covered_display": "91", "num_branches": 4, "num_partial_branches": 1, "covered_branches": 3, "missing_branches": 1, "percent_branches_covered": 75.0, "percent_branches_covered_display": "75"}, "missing_lines": [155], "excluded_lines": [], "start_line": 153, "executed_branches": [[154, 164], [164, 165], [164, 178]], "missing_branches": [[154, 155]]}, "VCUSimulator._handle_sleep": {"executed_lines": [190, 191, 192, 193, 195, 196, 197, 198, 199, 200, 201, 204, 205, 214, 215, 216, 217, 218, 219, 220, 221], "summary": {"covered_lines": 21, "num_statements": 22, "percent_covered": 94.11764705882354, "percent_covered_display": "94", "missing_lines": 1, "excluded_lines": 0, "percent_statements_covered": 95.45454545454545, "percent_statements_covered_display": "95", "num_branches": 12, "num_partial_branches": 1, "covered_branches": 11, "missing_branches": 1, "percent_branches_covered": 91.66666666666667, "percent_branches_covered_display": "92"}, "missing_lines": [202], "excluded_lines": [], "start_line": 189, "executed_branches": [[195, 196], [195, 214], [198, 199], [198, 200], [201, 204], [215, 216], [215, 217], [217, 218], [217, 219], [219, 220], [219, 221]], "missing_branches": [[201, 202]]}, "VCUSimulator._detect_wake_reason": {"executed_lines": [231, 233, 234, 235, 236, 237, 238, 239, 240, 242, 243, 244, 246, 247, 248, 250, 251, 252, 254, 255, 256, 257, 259, 260, 261, 262, 263, 264, 266, 267, 268, 269, 270, 271], "summary": {"covered_lines": 34, "num_statements": 35, "percent_covered": 96.49122807017544, "percent_covered_display": "96", "missing_lines": 1, "excluded_lines": 0, "percent_statements_covered": 97.14285714285714, "percent_statements_covered_display": "97", "num_branches": 22, "num_partial_branches": 1, "covered_branches": 21, "missing_branches": 1, "percent_branches_covered": 95.45454545454545, "percent_branches_covered_display": "95"}, "missing_lines": [273], "excluded_lines": [], "start_line": 230, "executed_branches": [[233, 234], [233, 242], [236, 237], [236, 238], [238, 239], [238, 240], [242, 243], [242, 246], [246, 247], [246, 250], [250, 251], [250, 254], [254, 255], [254, 259], [259, 260], [259, 266], [262, 263], [262, 264], [266, 267], [269, 270], [269, 271]], "missing_branches": [[266, 273]]}, "VCUSimulator._run_signal_guard": {"executed_lines": [276, 277, 278, 279, 280, 281, 282], "summary": {"covered_lines": 7, "num_statements": 7, "percent_covered": 100.0, "percent_covered_display": "100", "missing_lines": 0, "excluded_lines": 0, "percent_statements_covered": 100.0, "percent_statements_covered_display": "100", "num_branches": 6, "num_partial_branches": 0, "covered_branches": 6, "missing_branches": 0, "percent_branches_covered": 100.0, "percent_branches_covered_display": "100"}, "missing_lines": [], "excluded_lines": [], "start_line": 275, "executed_branches": [[276, 277], [276, 278], [278, 279], [278, 280], [280, 281], [280, 282]], "missing_branches": []}, "VCUSimulator._response": {"executed_lines": [293, 294, 295, 297, 298, 299, 300, 301, 302, 305], "summary": {"covered_lines": 10, "num_statements": 11, "percent_covered": 89.47368421052632, "percent_covered_display": "89", "missing_lines": 1, "excluded_lines": 0, "percent_statements_covered": 90.9090909090909, "percent_statements_covered_display": "91", "num_branches": 8, "num_partial_branches": 1, "covered_branches": 7, "missing_branches": 1, "percent_branches_covered": 87.5, "percent_branches_covered_display": "88"}, "missing_lines": [304], "excluded_lines": [], "start_line": 284, "executed_branches": [[294, 295], [294, 297], [297, 298], [297, 299], [299, 300], [299, 301], [301, 302]], "missing_branches": [[301, 304]]}, "VCUSimulator._vehicle_state": {"executed_lines": [327, 328, 329, 331, 332], "summary": {"covered_lines": 5, "num_statements": 7, "percent_covered": 69.23076923076923, "percent_covered_display": "69", "missing_lines": 2, "excluded_lines": 0, "percent_statements_covered": 71.42857142857143, "percent_statements_covered_display": "71", "num_branches": 6, "num_partial_branches": 2, "covered_branches": 4, "missing_branches": 2, "percent_branches_covered": 66.66666666666667, "percent_branches_covered_display": "67"}, "missing_lines": [330, 333], "excluded_lines": [], "start_line": 326, "executed_branches": [[327, 328], [327, 329], [329, 331], [331, 332]], "missing_branches": [[329, 330], [331, 333]]}, "VCUSimulator._state_name": {"executed_lines": [336, 337, 338, 339, 340, 341, 342], "summary": {"covered_lines": 7, "num_statements": 7, "percent_covered": 100.0, "percent_covered_display": "100", "missing_lines": 0, "excluded_lines": 0, "percent_statements_covered": 100.0, "percent_statements_covered_display": "100", "num_branches": 6, "num_partial_branches": 0, "covered_branches": 6, "missing_branches": 0, "percent_branches_covered": 100.0, "percent_branches_covered_display": "100"}, "missing_lines": [], "excluded_lines": [], "start_line": 335, "executed_branches": [[336, 337], [336, 338], [338, 339], [338, 340], [340, 341], [340, 342]], "missing_branches": []}, "VCUSimulator._vehicle_mode": {"executed_lines": [345], "summary": {"covered_lines": 1, "num_statements": 1, "percent_covered": 100.0, "percent_covered_display": "100", "missing_lines": 0, "excluded_lines": 0, "percent_statements_covered": 100.0, "percent_statements_covered_display": "100", "num_branches": 0, "num_partial_branches": 0, "covered_branches": 0, "missing_branches": 0, "percent_branches_covered": 100.0, "percent_branches_covered_display": "100"}, "missing_lines": [], "excluded_lines": [], "start_line": 344, "executed_branches": [], "missing_branches": []}, "VCUSimulator._bus_message_flag": {"executed_lines": [348, 349, 350], "summary": {"covered_lines": 3, "num_statements": 3, "percent_covered": 100.0, "percent_covered_display": "100", "missing_lines": 0, "excluded_lines": 0, "percent_statements_covered": 100.0, "percent_statements_covered_display": "100", "num_branches": 2, "num_partial_branches": 0, "covered_branches": 2, "missing_branches": 0, "percent_branches_covered": 100.0, "percent_branches_covered_display": "100"}, "missing_lines": [], "excluded_lines": [], "start_line": 347, "executed_branches": [[348, 349], [348, 350]], "missing_branches": []}, "VCUSimulator._default_power_current": {"executed_lines": [353, 354, 355, 356, 357, 359], "summary": {"covered_lines": 6, "num_statements": 7, "percent_covered": 84.61538461538461, "percent_covered_display": "85", "missing_lines": 1, "excluded_lines": 0, "percent_statements_covered": 85.71428571428571, "percent_statements_covered_display": "86", "num_branches": 6, "num_partial_branches": 1, "covered_branches": 5, "missing_branches": 1, "percent_branches_covered": 83.33333333333333, "percent_branches_covered_display": "83"}, "missing_lines": [358], "excluded_lines": [], "start_line": 352, "executed_branches": [[353, 354], [353, 355], [355, 356], [355, 357], [357, 359]], "missing_branches": [[357, 358]]}, "VCUSimulator._has_sleep_inputs": {"executed_lines": [362], "summary": {"covered_lines": 1, "num_statements": 1, "percent_covered": 100.0, "percent_covered_display": "100", "missing_lines": 0, "excluded_lines": 0, "percent_statements_covered": 100.0, "percent_statements_covered_display": "100", "num_branches": 0, "num_partial_branches": 0, "covered_branches": 0, "missing_branches": 0, "percent_branches_covered": 100.0, "percent_branches_covered_display": "100"}, "missing_lines": [], "excluded_lines": [], "start_line": 361, "executed_branches": [], "missing_branches": []}, "VCUSimulator._normalize_legacy_payload": {"executed_lines": [368, 369, 370, 371], "summary": {"covered_lines": 4, "num_statements": 18, "percent_covered": 14.705882352941176, "percent_covered_display": "15", "missing_lines": 14, "excluded_lines": 0, "percent_statements_covered": 22.22222222222222, "percent_statements_covered_display": "22", "num_branches": 16, "num_partial_branches": 1, "covered_branches": 1, "missing_branches": 15, "percent_branches_covered": 6.25, "percent_branches_covered_display": "6"}, "missing_lines": [372, 373, 374, 375, 376, 377, 378, 379, 380, 381, 382, 383, 384, 385], "excluded_lines": [], "start_line": 367, "executed_branches": [[370, 371]], "missing_branches": [[370, 372], [372, 373], [372, 374], [374, 375], [374, 376], [376, 377], [376, 378], [378, 379], [378, 380], [380, 381], [380, 382], [382, 383], [382, 384], [384, -367], [384, 385]]}, "VCUSimulator._record_performance": {"executed_lines": [388], "summary": {"covered_lines": 1, "num_statements": 1, "percent_covered": 100.0, "percent_covered_display": "100", "missing_lines": 0, "excluded_lines": 0, "percent_statements_covered": 100.0, "percent_statements_covered_display": "100", "num_branches": 0, "num_partial_branches": 0, "covered_branches": 0, "missing_branches": 0, "percent_branches_covered": 100.0, "percent_branches_covered_display": "100"}, "missing_lines": [], "excluded_lines": [], "start_line": 387, "executed_branches": [], "missing_branches": []}, "VCUSimulator._deep_update": {"executed_lines": [], "summary": {"covered_lines": 0, "num_statements": 4, "percent_covered": 0.0, "percent_covered_display": "0", "missing_lines": 4, "excluded_lines": 0, "percent_statements_covered": 0.0, "percent_statements_covered_display": "0", "num_branches": 4, "num_partial_branches": 0, "covered_branches": 0, "missing_branches": 4, "percent_branches_covered": 0.0, "percent_branches_covered_display": "0"}, "missing_lines": [391, 392, 393, 395], "excluded_lines": [], "start_line": 390, "executed_branches": [], "missing_branches": [[391, -390], [391, 392], [392, 393], [392, 395]]}, "": {"executed_lines": [1, 3, 4, 5, 7, 18, 19, 20, 21, 24, 27, 36, 69, 84, 93, 101, 112, 115, 119, 130, 153, 189, 230, 275, 284, 326, 335, 344, 347, 352, 361, 367, 387, 390], "summary": {"covered_lines": 34, "num_statements": 34, "percent_covered": 100.0, "percent_covered_display": "100", "missing_lines": 0, "excluded_lines": 0, "percent_statements_covered": 100.0, "percent_statements_covered_display": "100", "num_branches": 0, "num_partial_branches": 0, "covered_branches": 0, "missing_branches": 0, "percent_branches_covered": 100.0, "percent_branches_covered_display": "100"}, "missing_lines": [], "excluded_lines": [], "start_line": 1, "executed_branches": [], "missing_branches": []}}, "classes": {"VCUSimulator": {"executed_lines": [28, 29, 30, 31, 32, 33, 34, 37, 39, 42, 43, 44, 45, 46, 48, 49, 50, 51, 53, 54, 55, 57, 66, 67, 94, 95, 96, 97, 98, 131, 132, 137, 138, 139, 140, 144, 154, 164, 165, 166, 167, 168, 169, 178, 179, 180, 190, 191, 192, 193, 195, 196, 197, 198, 199, 200, 201, 204, 205, 214, 215, 216, 217, 218, 219, 220, 221, 231, 233, 234, 235, 236, 237, 238, 239, 240, 242, 243, 244, 246, 247, 248, 250, 251, 252, 254, 255, 256, 257, 259, 260, 261, 262, 263, 264, 266, 267, 268, 269, 270, 271, 276, 277, 278, 279, 280, 281, 282, 293, 294, 295, 297, 298, 299, 300, 301, 302, 305, 327, 328, 329, 331, 332, 336, 337, 338, 339, 340, 341, 342, 345, 348, 349, 350, 353, 354, 355, 356, 357, 359, 362, 368, 369, 370, 371, 388], "summary": {"covered_lines": 146, "num_statements": 192, "percent_covered": 74.0, "percent_covered_display": "74", "missing_lines": 46, "excluded_lines": 0, "percent_statements_covered": 76.04166666666667, "percent_statements_covered_display": "76", "num_branches": 108, "num_partial_branches": 12, "covered_branches": 76, "missing_branches": 32, "percent_branches_covered": 70.37037037037037, "percent_branches_covered_display": "70"}, "missing_lines": [40, 77, 85, 86, 87, 88, 89, 90, 91, 99, 102, 113, 116, 117, 120, 121, 133, 134, 135, 136, 142, 155, 202, 273, 304, 330, 333, 358, 372, 373, 374, 375, 376, 377, 378, 379, 380, 381, 382, 383, 384, 385, 391, 392, 393, 395], "excluded_lines": [], "start_line": 24, "executed_branches": [[39, 42], [43, 44], [43, 48], [48, 49], [48, 53], [54, 55], [54, 57], [98, -93], [132, 137], [137, 138], [154, 164], [164, 165], [164, 178], [195, 196], [195, 214], [198, 199], [198, 200], [201, 204], [215, 216], [215, 217], [217, 218], [217, 219], [219, 220], [219, 221], [233, 234], [233, 242], [236, 237], [236, 238], [238, 239], [238, 240], [242, 243], [242, 246], [246, 247], [246, 250], [250, 251], [250, 254], [254, 255], [254, 259], [259, 260], [259, 266], [262, 263], [262, 264], [266, 267], [269, 270], [269, 271], [276, 277], [276, 278], [278, 279], [278, 280], [280, 281], [280, 282], [294, 295], [294, 297], [297, 298], [297, 299], [299, 300], [299, 301], [301, 302], [327, 328], [327, 329], [329, 331], [331, 332], [336, 337], [336, 338], [338, 339], [338, 340], [340, 341], [340, 342], [348, 349], [348, 350], [353, 354], [353, 355], [355, 356], [355, 357], [357, 359], [370, 371]], "missing_branches": [[39, 40], [86, 87], [86, 91], [98, 99], [132, 133], [137, 142], [154, 155], [201, 202], [266, 273], [301, 304], [329, 330], [331, 333], [357, 358], [370, 372], [372, 373], [372, 374], [374, 375], [374, 376], [376, 377], [376, 378], [378, 379], [378, 380], [380, 381], [380, 382], [382, 383], [382, 384], [384, -367], [384, 385], [391, -390], [391, 392], [392, 393], [392, 395]]}, "": {"executed_lines": [1, 3, 4, 5, 7, 18, 19, 20, 21, 24, 27, 36, 69, 84, 93, 101, 112, 115, 119, 130, 153, 189, 230, 275, 284, 326, 335, 344, 347, 352, 361, 367, 387, 390], "summary": {"covered_lines": 34, "num_statements": 34, "percent_covered": 100.0, "percent_covered_display": "100", "missing_lines": 0, "excluded_lines": 0, "percent_statements_covered": 100.0, "percent_statements_covered_display": "100", "num_branches": 0, "num_partial_branches": 0, "covered_branches": 0, "missing_branches": 0, "percent_branches_covered": 100.0, "percent_branches_covered_display": "100"}, "missing_lines": [], "excluded_lines": [], "start_line": 1, "executed_branches": [], "missing_branches": []}}}}, "totals": {"covered_lines": 180, "num_statements": 226, "percent_covered": 76.64670658682634, "percent_covered_display": "77", "missing_lines": 46, "excluded_lines": 0, "percent_statements_covered": 79.64601769911505, "percent_statements_covered_display": "80", "num_branches": 108, "num_partial_branches": 12, "covered_branches": 76, "missing_branches": 32, "percent_branches_covered": 70.37037037037037, "percent_branches_covered_display": "70"}}