<?xml version="1.0" encoding="utf-8"?><testsuites name="pytest tests"><testsuite name="pytest" errors="0" failures="0" skipped="0" tests="96" time="12.534" timestamp="2026-05-26T19:14:14.982075+08:00" hostname="youzhabingqilindeMacBook-Air.local"><testcase classname="tests.test_suite_from_design.TestSuiteEP_EquivalencePartitioning" name="test_ep[f9b1ff34-e035-42bc-91e7-a932873111a3|REQ-001|RPN2|EP_\u6b63\u5e38\u5524\u9192_ve]" time="0.000" /><testcase classname="tests.test_suite_from_design.TestSuiteEP_EquivalencePartitioning" name="test_ep[96efed00-fb6d-44c8-89c3-fee9dc144519|REQ-001|RPN2|EP_\u672a\u6ee1\u8db3\u5524\u9192\u6761\u4ef6]" time="0.000" /><testcase classname="tests.test_suite_from_design.TestSuiteEP_EquivalencePartitioning" name="test_ep[93e1c973-5da5-44a3-859e-53eda9b584e9|REQ-001|RPN2|EP_\u786c\u7ebf\u5524\u9192_pd]" time="0.000" /><testcase classname="tests.test_suite_from_design.TestSuiteEP_EquivalencePartitioning" name="test_ep[68011a5e-6278-4037-ab44-98b4501cd085|REQ-001|RPN2|EP_\u65e0\u5524\u9192_pdc]" time="0.000" /><testcase classname="tests.test_suite_from_design.TestSuiteEP_EquivalencePartitioning" name="test_ep[bcb9c9d8-dec6-44cc-a4e1-94bd061b0e4f|REQ-001|RPN2|EP_SIL\u73af\u5883\u57fa\u7ebf]" time="0.000" /><testcase classname="tests.test_suite_from_design.TestSuiteEP_EquivalencePartitioning" name="test_ep[b26ff8b5-3ec7-4ad0-9930-858c3e2fd355|REQ-008|RPN2|EP-VCUIdle]" time="0.000" /><testcase classname="tests.test_suite_from_design.TestSuiteEP_EquivalencePartitioning" name="test_ep[0d9216bf-1d37-4363-8dbb-fdeab383d21f|REQ-008|RPN2|EP-VCUIdle]" time="0.000" /><testcase classname="tests.test_suite_from_design.TestSuiteEP_EquivalencePartitioning" name="test_ep[415392c6-07bf-4666-aab5-4bba498f05f3|REQ-009|RPN2|EP-AuthCom]" time="0.000" /><testcase classname="tests.test_suite_from_design.TestSuiteEP_EquivalencePartitioning" name="test_ep[ac4b8699-0a3e-4122-96ea-63c23b72c94f|REQ-010|RPN2|EP-\u4f11\u7720\u6761\u4ef6h3\u6ee1]" time="0.000" /><testcase classname="tests.test_suite_from_design.TestSuiteEP_EquivalencePartitioning" name="test_ep[2cba1c5d-078c-421e-a4a8-ef0f910f0de8|REQ-010|RPN2|EP-\u4f11\u7720\u6761\u4ef6h3\u4e0d]" time="0.000" /><testcase classname="tests.test_suite_from_design.TestSuiteEP_EquivalencePartitioning" name="test_ep[003eea21-1e6f-4c47-9c9a-d04a39661103|REQ-003|RPN4|EP_CP\u4fe1\u53f7\u6709\u6548\u7535]" time="0.000" /><testcase classname="tests.test_suite_from_design.TestSuiteEP_EquivalencePartitioning" name="test_ep[046f4995-3fe0-4bdc-9109-292b49705ecb|REQ-003|RPN4|EP_CP\u4fe1\u53f7\u65e0\u6548\u7535]" time="0.000" /><testcase classname="tests.test_suite_from_design.TestSuiteEP_EquivalencePartitioning" name="test_ep[16517744-16c7-4476-919f-a0830671002f|REQ-002|RPN6|EP: \u6709\u6548\u7b49\u4ef7\u7c7b(]" time="0.000" /><testcase classname="tests.test_suite_from_design.TestSuiteEP_EquivalencePartitioning" name="test_ep[c7d71344-e830-4cfa-94ec-3f28b799550b|REQ-002|RPN6|EP: \u65e0\u6548\u7b49\u4ef7\u7c7b(]" time="0.000" /><testcase classname="tests.test_suite_from_design.TestSuiteEP_EquivalencePartitioning" name="test_ep[aec8ac6e-3168-4c3e-9f3c-54def8243338|REQ-002|RPN6|EP: \u65e0\u6548\u7b49\u4ef7\u7c7b(]" time="0.000" /><testcase classname="tests.test_suite_from_design.TestSuiteEP_EquivalencePartitioning" name="test_ep[3fc01f56-10dc-43aa-b076-9026912f6a3b|REQ-004|RPN6|EP_CC\u7535\u538b\u6709\u6548\u7b49]" time="0.000" /><testcase classname="tests.test_suite_from_design.TestSuiteEP_EquivalencePartitioning" name="test_ep[80095a4f-737b-4c47-9a5f-76405a02b599|REQ-004|RPN6|EP_CC\u7535\u538b\u65e0\u6548\u7b49]" time="0.000" /><testcase classname="tests.test_suite_from_design.TestSuiteEP_EquivalencePartitioning" name="test_ep[9358d3f5-e999-4e4c-bbef-4f0d013aa3ff|REQ-005|RPN6|EP_CC2\u7535\u538b\u6709\u6548]" time="0.000" /><testcase classname="tests.test_suite_from_design.TestSuiteEP_EquivalencePartitioning" name="test_ep[feeff67e-560a-4c1c-acfa-891fcb51e8f7|REQ-005|RPN6|EP_CC2\u7535\u538b\u65e0\u6548]" time="0.000" /><testcase classname="tests.test_suite_from_design.TestSuiteEP_EquivalencePartitioning" name="test_ep[b783cc48-224f-4059-a899-a1c60687093f|REQ-007|RPN6|EP: \u95e8\u677f\u7535\u538b\u4e0e\u65f6]" time="0.000" /><testcase classname="tests.test_suite_from_design.TestSuiteEP_EquivalencePartitioning" name="test_ep[41705132-0232-47b5-94ca-7ab532be0867|REQ-007|RPN6|EP: \u95e8\u677f\u7535\u538b\u5728\u65e0]" time="0.000" /><testcase classname="tests.test_suite_from_design.TestSuiteEP_EquivalencePartitioning" name="test_ep[513fbf5f-dc12-4371-abc3-c53ffd23afd8|REQ-007|RPN6|EP: \u95e8\u677f\u65f6\u95f4\u5728\u65e0]" time="0.000" /><testcase classname="tests.test_suite_from_design.TestSuiteEP_EquivalencePartitioning" name="test_ep[966ce13d-9047-46d0-8d9a-a16b937e9a0b|REQ-013|RPN8|EP-\u6709\u6548\u7b49\u4ef7\u7c7b-v]" time="0.000" /><testcase classname="tests.test_suite_from_design.TestSuiteEP_EquivalencePartitioning" name="test_ep[4dac6c7e-1d45-4942-95aa-8ce0b2e3d67f|REQ-013|RPN8|EP-\u6709\u6548\u7b49\u4ef7\u7c7b-v]" time="0.000" /><testcase classname="tests.test_suite_from_design.TestSuiteEP_EquivalencePartitioning" name="test_ep[b6a3f6f6-fb9d-4a7e-8455-7aefa3e37bfb|REQ-006|RPN9|EP-\u6709\u6548\u7b49\u4ef7\u7c7b\uff1a\u7535]" time="0.000" /><testcase classname="tests.test_suite_from_design.TestSuiteEP_EquivalencePartitioning" name="test_ep[b7b68d68-4271-42ed-a73e-b8c6fb4146ba|REQ-006|RPN9|EP-\u65e0\u6548\u7b49\u4ef7\u7c7b\uff1a\u7535]" time="0.000" /><testcase classname="tests.test_suite_from_design.TestSuiteEP_EquivalencePartitioning" name="test_ep[c496b5ac-7a79-4947-9f5b-15a276de914c|REQ-006|RPN9|EP-\u65e0\u6548\u7b49\u4ef7\u7c7b\uff1a\u6301]" time="0.000" /><testcase classname="tests.test_suite_from_design.TestSuiteBVA_BoundaryValue" name="test_bva[aed53778-f0ff-476a-99df-9c8c561d0f80|REQ-001|RPN2|BVA_\u6709\u6548\u8fb9\u754c_\u7535]" time="0.000" /><testcase classname="tests.test_suite_from_design.TestSuiteBVA_BoundaryValue" name="test_bva[867cfe89-3604-418d-b9f6-ff2c153115d6|REQ-001|RPN2|BVA_\u65e0\u6548\u8fb9\u754c_\u7535]" time="0.000" /><testcase classname="tests.test_suite_from_design.TestSuiteBVA_BoundaryValue" name="test_bva[06483b58-494f-49a5-842e-059302abb3d1|REQ-001|RPN2|BVA_\u65e0\u6548\u8fb9\u754c_\u7535]" time="0.000" /><testcase classname="tests.test_suite_from_design.TestSuiteBVA_BoundaryValue" name="test_bva[ed33fefd-df50-4c13-a738-8276e0a10699|REQ-001|RPN2|BVA: \u7535\u538b8.9]" time="0.000" /><testcase classname="tests.test_suite_from_design.TestSuiteBVA_BoundaryValue" name="test_bva[ae1c553c-2f93-491e-95cf-d429ec31d404|REQ-010|RPN2|BVA-\u4f11\u7720\u6761\u4ef6h3]" time="0.000" /><testcase classname="tests.test_suite_from_design.TestSuiteBVA_BoundaryValue" name="test_bva[7aacb8c9-a8df-4880-9f4d-bdf9b4ad6057|REQ-010|RPN2|BVA-\u4f11\u7720\u6761\u4ef6h3]" time="0.000" /><testcase classname="tests.test_suite_from_design.TestSuiteBVA_BoundaryValue" name="test_bva[2d16734e-cc60-4ada-aa2a-4e8f377707b6|REQ-003|RPN4|BVA_CP\u4fe1\u53f7\u7535\u538b]" time="0.000" /><testcase classname="tests.test_suite_from_design.TestSuiteBVA_BoundaryValue" name="test_bva[08398f11-0889-4e8a-8351-da74a0daacf7|REQ-003|RPN4|BVA_CP\u4fe1\u53f7\u7535\u538b]" time="0.000" /><testcase classname="tests.test_suite_from_design.TestSuiteBVA_BoundaryValue" name="test_bva[3db545bb-c36b-4bb8-b962-5f8944115d54|REQ-003|RPN4|BVA_CP\u4fe1\u53f7\u7535\u538b]" time="0.000" /><testcase classname="tests.test_suite_from_design.TestSuiteBVA_BoundaryValue" name="test_bva[7c884e48-d585-45c2-8436-ac8f3d4b12d8|REQ-002|RPN6|BVA: CAN\u62a5\u6587]" time="0.000" /><testcase classname="tests.test_suite_from_design.TestSuiteBVA_BoundaryValue" name="test_bva[866ea05a-a8f0-408c-84a8-b4ffcf8bada3|REQ-002|RPN6|BVA: CAN\u62a5\u6587]" time="0.000" /><testcase classname="tests.test_suite_from_design.TestSuiteBVA_BoundaryValue" name="test_bva[a80270da-4f28-40f1-be25-8f8d93715bab|REQ-002|RPN6|BVA: CAN\u62a5\u6587]" time="0.000" /><testcase classname="tests.test_suite_from_design.TestSuiteBVA_BoundaryValue" name="test_bva[47c3e760-7752-4508-a9f6-8eb4e5d54c8f|REQ-002|RPN6|BVA: CAN\u62a5\u6587]" time="0.000" /><testcase classname="tests.test_suite_from_design.TestSuiteBVA_BoundaryValue" name="test_bva[e3b2dea4-a040-48c9-a1a9-ff174cf4def2|REQ-004|RPN6|BVA_CC\u7535\u538b4.]" time="0.000" /><testcase classname="tests.test_suite_from_design.TestSuiteBVA_BoundaryValue" name="test_bva[cde914db-73e0-4b98-9dd1-f2565695bdda|REQ-004|RPN6|BVA_CC\u7535\u538b4.]" time="0.000" /><testcase classname="tests.test_suite_from_design.TestSuiteBVA_BoundaryValue" name="test_bva[addb86e7-d431-453d-b575-4bb15e44e841|REQ-004|RPN6|BVA_CC\u7535\u538b4.]" time="0.000" /><testcase classname="tests.test_suite_from_design.TestSuiteBVA_BoundaryValue" name="test_bva[5897c745-f18e-4120-aa5f-ea67bdaf401d|REQ-005|RPN6|BVA_CC2\u7535\u538b4]" time="0.000" /><testcase classname="tests.test_suite_from_design.TestSuiteBVA_BoundaryValue" name="test_bva[c73c1bff-473f-4c7d-bbeb-36001e444e49|REQ-005|RPN6|BVA_CC2\u7535\u538b4]" time="0.000" /><testcase classname="tests.test_suite_from_design.TestSuiteBVA_BoundaryValue" name="test_bva[8adc3c01-d079-44c7-bda6-3810fc94def9|REQ-005|RPN6|BVA_CC2\u7535\u538b4]" time="0.000" /><testcase classname="tests.test_suite_from_design.TestSuiteBVA_BoundaryValue" name="test_bva[9f9986b7-af42-4c4a-ab18-bee017d8a71c|REQ-007|RPN6|BVA: \u95e8\u677f\u7535\u538b\u4e0b]" time="0.000" /><testcase classname="tests.test_suite_from_design.TestSuiteBVA_BoundaryValue" name="test_bva[cf712a11-7ae7-4714-99bb-a554e432bb0d|REQ-007|RPN6|BVA: \u95e8\u677f\u7535\u538b\u4e0a]" time="0.000" /><testcase classname="tests.test_suite_from_design.TestSuiteBVA_BoundaryValue" name="test_bva[b910cdb6-5b83-4e73-a769-09327576aef9|REQ-007|RPN6|BVA: \u95e8\u677f\u7535\u538b\u4e0b]" time="0.000" /><testcase classname="tests.test_suite_from_design.TestSuiteBVA_BoundaryValue" name="test_bva[62a5c989-54e7-4cd1-88aa-9cb39c0ea4eb|REQ-014|RPN6|type1\u5355\u4fe1\u53f7\u5524\u9192]" time="0.000" /><testcase classname="tests.test_suite_from_design.TestSuiteBVA_BoundaryValue" name="test_bva[124fba9a-73aa-43d2-bca4-2c78a3090c96|REQ-014|RPN6|type1\u5355\u4fe1\u53f7\u5524\u9192]" time="0.000" /><testcase classname="tests.test_suite_from_design.TestSuiteBVA_BoundaryValue" name="test_bva[901926bf-467f-44f2-830f-f4e4e349d1d9|REQ-014|RPN6|type1\u5355\u4fe1\u53f7\u5524\u9192]" time="1.811" /><testcase classname="tests.test_suite_from_design.TestSuiteBVA_BoundaryValue" name="test_bva[30970747-568e-4769-a0d8-0a912bb1a3d3|REQ-014|RPN6|type2\u591a\u4fe1\u53f7\u4f11\u7720]" time="0.001" /><testcase classname="tests.test_suite_from_design.TestSuiteBVA_BoundaryValue" name="test_bva[886b8539-4e1c-4305-8be3-af84d40ff518|REQ-014|RPN6|type2\u591a\u4fe1\u53f7\u4f11\u7720]" time="0.000" /><testcase classname="tests.test_suite_from_design.TestSuiteBVA_BoundaryValue" name="test_bva[6d2ee7ab-2bea-42ac-8eb3-6a3a8056b809|REQ-006|RPN9|BVA-\u7535\u538b\u4e0b\u8fb9\u754c\u5916]" time="0.000" /><testcase classname="tests.test_suite_from_design.TestSuiteBVA_BoundaryValue" name="test_bva[ee54d9c7-5982-4922-9d08-64d204f26f52|REQ-006|RPN9|BVA-\u7535\u538b\u4e0b\u8fb9\u754c\uff1a]" time="0.000" /><testcase classname="tests.test_suite_from_design.TestSuiteBVA_BoundaryValue" name="test_bva[8069a480-2fec-49de-bf10-a4431eeb6ce8|REQ-006|RPN9|BVA-\u7535\u538b\u521a\u8fc7\u8fb9\u754c]" time="0.000" /><testcase classname="tests.test_suite_from_design.TestSuiteBVA_BoundaryValue" name="test_bva[f4e1868c-1f0f-4af3-a665-d36f593afef8|REQ-006|RPN9|BVA-\u65f6\u95f4\u4e0b\u8fb9\u754c\u5916]" time="0.001" /><testcase classname="tests.test_suite_from_design.TestSuiteBVA_BoundaryValue" name="test_bva[d2a3afdf-6cb5-4c2d-93cd-5b245200c5ef|REQ-006|RPN9|BVA-\u65f6\u95f4\u4e0b\u8fb9\u754c\uff1a]" time="0.000" /><testcase classname="tests.test_suite_from_design.TestSuiteBVA_BoundaryValue" name="test_bva[6a41e68e-60d6-47b9-83c8-e3200d21a4a3|REQ-006|RPN9|BVA-\u65f6\u95f4\u521a\u8fc7\u8fb9\u754c]" time="0.000" /><testcase classname="tests.test_suite_from_design.TestSuiteDT_DecisionTable" name="test_dt[2e316a80-9cd5-4ba2-9398-3d8bd6cce07f|REQ-008|RPN2|DT-\u51b3\u7b56\u8868\u89c4\u52191_]" time="0.000" /><testcase classname="tests.test_suite_from_design.TestSuiteDT_DecisionTable" name="test_dt[ce1fd6b1-d46d-45a0-84f2-06b805fdf11d|REQ-008|RPN2|DT-\u51b3\u7b56\u8868\u89c4\u52192_]" time="0.001" /><testcase classname="tests.test_suite_from_design.TestSuiteDT_DecisionTable" name="test_dt[3bfb2b0d-630b-4146-a917-579c28ced848|REQ-009|RPN2|DT-AuthCom]" time="0.001" /><testcase classname="tests.test_suite_from_design.TestSuiteDT_DecisionTable" name="test_dt[a46e563d-ea69-4b0e-81ca-c95d9f1a9a27|REQ-010|RPN2|DT-\u4f11\u7720\u6761\u4ef6h3\u51b3]" time="0.000" /><testcase classname="tests.test_suite_from_design.TestSuiteDT_DecisionTable" name="test_dt[817b4757-275d-42d9-bc18-243c63cba70c|REQ-011|RPN2|DT-h1=1,h2]" time="0.000" /><testcase classname="tests.test_suite_from_design.TestSuiteDT_DecisionTable" name="test_dt[2d7a85f0-a358-4289-82f3-382b3e0b4a40|REQ-011|RPN2|DT-h1=1,h2]" time="0.000" /><testcase classname="tests.test_suite_from_design.TestSuiteDT_DecisionTable" name="test_dt[30931751-8675-4ddd-bfb7-7ce0ef85cf2e|REQ-011|RPN2|DT-h1=1,h2]" time="0.000" /><testcase classname="tests.test_suite_from_design.TestSuiteDT_DecisionTable" name="test_dt[3a706d0a-a76e-4fe9-abf8-5d2a9ed11184|REQ-011|RPN2|DT-h1=1,h2]" time="0.000" /><testcase classname="tests.test_suite_from_design.TestSuiteDT_DecisionTable" name="test_dt[0133eb83-e406-4232-b4d0-16b64d704a71|REQ-011|RPN2|DT-h1=0,h2]" time="0.000" /><testcase classname="tests.test_suite_from_design.TestSuiteDT_DecisionTable" name="test_dt[2576b370-b8cf-4e87-ba4a-0c307fb9fea5|REQ-011|RPN2|DT-h1=0,h2]" time="0.000" /><testcase classname="tests.test_suite_from_design.TestSuiteDT_DecisionTable" name="test_dt[a9ba303d-995a-4b7e-a9ef-493f35f86ee9|REQ-011|RPN2|DT-h1=0,h2]" time="0.000" /><testcase classname="tests.test_suite_from_design.TestSuiteDT_DecisionTable" name="test_dt[be4785f4-c65c-4b53-b101-cba626aa3968|REQ-011|RPN2|DT-h1=0,h2]" time="0.000" /><testcase classname="tests.test_suite_from_design.TestSuiteDT_DecisionTable" name="test_dt[02298f93-1544-4aa9-b897-b1987933e8a5|REQ-013|RPN8|DT-\u51b3\u7b56\u8868-sta]" time="0.000" /><testcase classname="tests.test_suite_from_design.TestSuiteST_StateTransition" name="test_st[778cc8ad-5007-4399-808d-d8c30235b93e|REQ-012|RPN1|\u72b6\u6001\u8fc1\u79fb\u6d4b\u8bd5\uff1a\u8fde\u7eed\u5feb]" time="1.006" /><testcase classname="tests.test_suite_from_design.TestSuiteST_StateTransition" name="test_st[bcfde974-b0ac-4824-b03c-f2b78d605882|REQ-001|RPN2|ST_\u6b63\u5e38\u5524\u9192\u5e8f\u5217_]" time="0.001" /><testcase classname="tests.test_suite_from_design.TestSuiteST_StateTransition" name="test_st[168e5e15-432e-45f8-a210-aa98bc7efe2f|REQ-008|RPN2|ST-\u72b6\u6001\u8fc1\u79fb_\u5524\u9192]" time="0.001" /><testcase classname="tests.test_suite_from_design.TestSuiteST_StateTransition" name="test_st[cfda9952-c082-4c51-8da3-5424276ddbd8|REQ-009|RPN2|ST-\u5524\u9192\u72b6\u6001\u4e0bAu]" time="0.000" /><testcase classname="tests.test_suite_from_design.TestSuiteST_StateTransition" name="test_st[dba3b73d-8294-4eee-a96a-9ef7599ab540|REQ-010|RPN2|ST-\u72b6\u6001\u8fc1\u79fb(\u5524\u9192]" time="0.000" /><testcase classname="tests.test_suite_from_design.TestSuiteST_StateTransition" name="test_st[4f195107-957c-41de-8568-1573d61571c0|REQ-011|RPN2|ST-\u5524\u9192\u6001\u81f3\u4f11\u7720\u6001]" time="0.000" /><testcase classname="tests.test_suite_from_design.TestSuiteST_StateTransition" name="test_st[39a7294c-fee6-4e33-b0c7-4b93e3996176|REQ-011|RPN2|ST-\u5524\u9192\u6001\u7ef4\u6301\u975e\u4f11]" time="0.000" /><testcase classname="tests.test_suite_from_design.TestSuiteST_StateTransition" name="test_st[744feca2-285d-404b-aad3-1bf8f4d097e0|REQ-003|RPN4|ST_\u4f11\u7720\u72b6\u6001\u4e0bCP]" time="0.000" /><testcase classname="tests.test_suite_from_design.TestSuiteST_StateTransition" name="test_st[e846f095-40a3-4216-a1a7-928004bc094e|REQ-003|RPN4|ST_\u4f11\u7720\u72b6\u6001\u4e0bCP]" time="0.000" /><testcase classname="tests.test_suite_from_design.TestSuiteST_StateTransition" name="test_st[5e0a6a1b-5cdd-4af7-af5f-e8221663255d|REQ-002|RPN6|ST: \u4f11\u7720\u72b6\u6001\u63a5\u6536]" time="0.000" /><testcase classname="tests.test_suite_from_design.TestSuiteST_StateTransition" name="test_st[1ba60e64-2fef-4979-8df5-e3ba48775aef|REQ-004|RPN6|ST_CC\u4fe1\u53f7\u89e6\u53d1\u4f11]" time="0.000" /><testcase classname="tests.test_suite_from_design.TestSuiteST_StateTransition" name="test_st[a91942fd-748b-48a0-ab02-5ddee8ad40ca|REQ-004|RPN6|ST_CC\u4fe1\u53f7\u4e0d\u6ee1\u8db3]" time="0.000" /><testcase classname="tests.test_suite_from_design.TestSuiteST_StateTransition" name="test_st[4b96b9f5-0abb-48f2-a7d9-6c743858a1ab|REQ-005|RPN6|ST_\u4f11\u7720\u72b6\u6001\u63a5\u6536\u6709]" time="0.000" /><testcase classname="tests.test_suite_from_design.TestSuiteST_StateTransition" name="test_st[1090b464-466e-4281-ae1d-2717f67f374f|REQ-005|RPN6|ST_\u4f11\u7720\u72b6\u6001\u63a5\u6536\u65e0]" time="0.000" /><testcase classname="tests.test_suite_from_design.TestSuiteST_StateTransition" name="test_st[497f7cd0-0681-4953-855e-1989f6067059|REQ-007|RPN6|ST: \u4f11\u7720\u72b6\u6001\u63a5\u6536]" time="0.000" /><testcase classname="tests.test_suite_from_design.TestSuiteST_StateTransition" name="test_st[6e248f61-a0f0-4710-8515-a168acd0ad24|REQ-007|RPN6|ST: \u4f11\u7720\u72b6\u6001\u63a5\u6536]" time="0.000" /><testcase classname="tests.test_suite_from_design.TestSuiteST_StateTransition" name="test_st[163b2ca6-7142-4284-abe9-b562e62f449b|REQ-013|RPN8|ST-\u72b6\u6001\u8f6c\u6362-\u8f6c\u6362]" time="0.000" /><testcase classname="tests.test_suite_from_design.TestSuiteST_StateTransition" name="test_st[d8faf85f-f554-4681-b56f-305387f2d3a0|REQ-006|RPN9|ST-\u72b6\u6001\u8fc1\u79fb\uff1a\u4f11\u7720]" time="0.000" /><testcase classname="tests.test_suite_from_design.TestSuiteSC_Scenario" name="test_sc[b696660e-3af3-42b6-aa93-363510588854|REQ-012|RPN1|\u8fb9\u754c\u6d4b\u8bd5\uff1a2\u6b21\u5feb\u901f\u5faa]" time="0.906" /><testcase classname="tests.test_suite_from_design.TestSuiteSC_Scenario" name="test_sc[0cfe2431-40ab-481c-b9f5-1692bf945df7|REQ-012|RPN1|\u8fb9\u754c\u6d4b\u8bd5\uff1a3\u6b21\u5feb\u901f\u5faa]" time="1.810" /><testcase classname="tests.test_suite_from_design.TestSuiteSC_Scenario" name="test_sc[a4c9c942-d8d9-40a8-9161-ed171637016b|REQ-012|RPN1|\u8fb9\u754c\u6d4b\u8bd5\uff1a4\u6b21\u5feb\u901f\u5faa]" time="2.711" /><testcase classname="tests.test_suite_from_design.TestSuiteSC_Scenario" name="test_sc[6448e10b-55e8-41d1-81c1-9504d3e46862|REQ-012|RPN1|\u8fb9\u754c\u6d4b\u8bd5\uff1a3\u6b21\u5faa\u73af\u4f46]" time="2.005" /><testcase classname="tests.test_suite_from_design.TestSuiteSC_Scenario" name="test_sc[c315d930-5f4b-4f8f-8ba6-57381aded239|REQ-012|RPN1|\u8fb9\u754c\u6d4b\u8bd5\uff1a3\u6b21\u5faa\u73af\u4f46]" time="2.217" /></testsuite></testsuites>