<?xml version="1.0" encoding="utf-8"?><testsuites name="pytest tests"><testsuite name="pytest" errors="0" failures="0" skipped="0" tests="11" time="0.644" timestamp="2026-05-26T16:04:33.796388+08:00" hostname="youzhabingqilindeMacBook-Air.local"><testcase classname="tests.test_integration_http.IntegrationPath1_ModB_to_ModA" name="test_INT_001_overvoltage_blocks_state_transition" time="0.028" /><testcase classname="tests.test_integration_http.IntegrationPath1_ModB_to_ModA" name="test_INT_002_undervoltage_blocks_state_transition" time="0.023" /><testcase classname="tests.test_integration_http.IntegrationPath1_ModB_to_ModA" name="test_INT_003_debounce_does_not_change_state" time="0.021" /><testcase classname="tests.test_integration_http.IntegrationPath1_ModB_to_ModA" name="test_INT_004_normal_signal_passes_guard_after_reset" time="0.043" /><testcase classname="tests.test_integration_http.IntegrationPath2_ModA_to_ModD" name="test_INT_005_dtc_001_written_on_stuck" time="0.094" /><testcase classname="tests.test_integration_http.IntegrationPath2_ModA_to_ModD" name="test_INT_006_dtc_001_status_is_active" time="0.097" /><testcase classname="tests.test_integration_http.IntegrationPath2_ModA_to_ModD" name="test_INT_007_reset_clears_dtc_001" time="0.155" /><testcase classname="tests.test_integration_http.IntegrationPath2_ModA_to_ModD" name="test_INT_008_dtc_002_on_overvoltage" time="0.031" /><testcase classname="tests.test_integration_http.IntegrationPath3_ModA_to_ModE" name="test_INT_009_sleep_power_compliant" time="0.032" /><testcase classname="tests.test_integration_http.IntegrationPath3_ModA_to_ModE" name="test_INT_010_sleep_power_non_compliant_triggers_alarm" time="0.034" /><testcase classname="tests.test_integration_http.IntegrationPath3_ModA_to_ModE" name="test_INT_011_get_state_reflects_live_state" time="0.021" /></testsuite></testsuites>